<?xml version="1.0" encoding="UTF-8"?>
<!-- Generated by org.testng.reporters.JUnitReportReporter -->
<testsuite skipped="0" hostname="AKK-DEV-QA-AUTO-01" name="Testcases.LoginTest" tests="1" failures="0" timestamp="28 Mar 2018 20:02:57 GMT" time="1.336" errors="0">
  <testcase name="loginTest" time="1.336" classname="Testcases.LoginTest"/>
</testsuite> <!-- Testcases.LoginTest -->
