<?xml version="1.0" encoding="UTF-8"?>
<!-- Generated by org.testng.reporters.JUnitReportReporter -->
<testsuite skipped="0" hostname="AKK-DEV-QA-AUTO-01" name="Testcases.SecurityServiceGroupTest" tests="1" failures="0" timestamp="03 Apr 2018 20:37:55 GMT" time="3.658" errors="0">
  <testcase name="serviceGroup" time="3.658" classname="Testcases.SecurityServiceGroupTest"/>
</testsuite> <!-- Testcases.SecurityServiceGroupTest -->
