<?xml version="1.0" encoding="UTF-8"?>
<!-- Generated by org.testng.reporters.JUnitReportReporter -->
<testsuite skipped="0" hostname="AKK-DEV-QA-AUTO-01" name="Testcases.LoginTest" tests="1" failures="0" timestamp="03 Apr 2018 20:37:55 GMT" time="1.895" errors="0">
  <testcase name="loginasPMEAdmin" time="1.895" classname="Testcases.LoginTest"/>
</testsuite> <!-- Testcases.LoginTest -->
